{"/Users/wangxin/code/github/2021/vue-basic-points/src/common/js/utils.js": {"path":"/Users/wangxin/code/github/2021/vue-basic-points/src/common/js/utils.js","statementMap":{"0":{"start":{"line":2,"column":26},"end":{"line":2,"column":78}},"1":{"start":{"line":3,"column":15},"end":{"line":17,"column":3}},"2":{"start":{"line":4,"column":4},"end":{"line":16,"column":5}},"3":{"start":{"line":5,"column":6},"end":{"line":5,"column":18}},"4":{"start":{"line":6,"column":11},"end":{"line":16,"column":5}},"5":{"start":{"line":7,"column":6},"end":{"line":7,"column":44}},"6":{"start":{"line":7,"column":30},"end":{"line":7,"column":42}},"7":{"start":{"line":8,"column":11},"end":{"line":16,"column":5}},"8":{"start":{"line":9,"column":19},"end":{"line":9,"column":21}},"9":{"start":{"line":10,"column":6},"end":{"line":12,"column":8}},"10":{"start":{"line":11,"column":8},"end":{"line":11,"column":40}},"11":{"start":{"line":13,"column":6},"end":{"line":13,"column":20}},"12":{"start":{"line":15,"column":6},"end":{"line":15,"column":46}},"13":{"start":{"line":18,"column":2},"end":{"line":18,"column":24}}},"fnMap":{"0":{"name":"deepCopy","decl":{"start":{"line":1,"column":9},"end":{"line":1,"column":17}},"loc":{"start":{"line":1,"column":26},"end":{"line":19,"column":1}},"line":1},"1":{"name":"(anonymous_1)","decl":{"start":{"line":3,"column":15},"end":{"line":3,"column":16}},"loc":{"start":{"line":3,"column":30},"end":{"line":17,"column":3}},"line":3},"2":{"name":"(anonymous_2)","decl":{"start":{"line":7,"column":22},"end":{"line":7,"column":23}},"loc":{"start":{"line":7,"column":30},"end":{"line":7,"column":42}},"line":7},"3":{"name":"(anonymous_3)","decl":{"start":{"line":10,"column":28},"end":{"line":10,"column":29}},"loc":{"start":{"line":10,"column":35},"end":{"line":12,"column":7}},"line":10}},"branchMap":{"0":{"loc":{"start":{"line":4,"column":4},"end":{"line":16,"column":5}},"type":"if","locations":[{"start":{"line":4,"column":4},"end":{"line":16,"column":5}},{"start":{"line":4,"column":4},"end":{"line":16,"column":5}}],"line":4},"1":{"loc":{"start":{"line":6,"column":11},"end":{"line":16,"column":5}},"type":"if","locations":[{"start":{"line":6,"column":11},"end":{"line":16,"column":5}},{"start":{"line":6,"column":11},"end":{"line":16,"column":5}}],"line":6},"2":{"loc":{"start":{"line":8,"column":11},"end":{"line":16,"column":5}},"type":"if","locations":[{"start":{"line":8,"column":11},"end":{"line":16,"column":5}},{"start":{"line":8,"column":11},"end":{"line":16,"column":5}}],"line":8}},"s":{"0":8,"1":8,"2":19,"3":13,"4":6,"5":4,"6":9,"7":2,"8":2,"9":2,"10":2,"11":2,"12":0,"13":8},"f":{"0":8,"1":19,"2":9,"3":2},"b":{"0":[13,6],"1":[4,2],"2":[2,0]},"_coverageSchema":"43e27e138ebf9cfc5966b082cf9a028302ed4184","hash":"cf6c05a852271cedff1e296224e34da7cc6ef514"}
,"/Users/wangxin/code/github/2021/vue-basic-points/src/components/PointList/index.vue": {"path":"/Users/wangxin/code/github/2021/vue-basic-points/src/components/PointList/index.vue","statementMap":{"0":{"start":{"line":7,"column":0},"end":{"line":7,"column":null}},"1":{"start":{"line":21,"column":0},"end":{"line":21,"column":null}}},"fnMap":{"0":{"name":"(anonymous_1)","decl":{"start":{"line":20,"column":0},"end":{"line":20,"column":null}},"loc":{"start":{"line":20,"column":0},"end":{"line":22,"column":null}}}},"branchMap":{},"s":{"0":1,"1":0},"f":{"0":0},"b":{}}
}
