TN:
SF:/Users/wangxin/code/github/2021/vue-basic-points/src/common/js/utils.js
FN:1,deepCopy
FN:3,(anonymous_1)
FN:7,(anonymous_2)
FN:10,(anonymous_3)
FNF:4
FNH:4
FNDA:8,deepCopy
FNDA:19,(anonymous_1)
FNDA:9,(anonymous_2)
FNDA:2,(anonymous_3)
DA:2,8
DA:3,8
DA:4,19
DA:5,13
DA:6,6
DA:7,9
DA:8,2
DA:9,2
DA:10,2
DA:11,2
DA:13,2
DA:15,0
DA:18,8
LF:13
LH:12
BRDA:4,0,0,13
BRDA:4,0,1,6
BRDA:6,1,0,4
BRDA:6,1,1,2
BRDA:8,2,0,2
BRDA:8,2,1,0
BRF:6
BRH:5
end_of_record
TN:
SF:/Users/wangxin/code/github/2021/vue-basic-points/src/components/PointList/index.vue
FN:20,(anonymous_1)
FNF:1
FNH:0
FNDA:0,(anonymous_1)
DA:7,1
DA:21,0
LF:2
LH:1
BRF:0
BRH:0
end_of_record
